2023-10-28 11:41:23.258 DEBUG 16348 --- [http-nio-8080-exec-7] c.r.b.controller.MovieController         : Here we can access all the Available Movies
2023-10-28 11:41:23.583 DEBUG 16348 --- [http-nio-8080-exec-7] c.r.b.controller.MovieController         : Listed all the Available Movies
2023-10-28 15:50:41.043 DEBUG 16348 --- [http-nio-8080-exec-9] c.r.b.controller.MovieController         : Here we can access all the Available Movies
2023-10-28 15:50:41.236 DEBUG 16348 --- [http-nio-8080-exec-9] c.r.b.controller.MovieController         : Listed all the Available Movies
2023-10-28 15:52:06.645 DEBUG 16348 --- [http-nio-8080-exec-1] c.r.b.controller.MovieController         : Here we can access all the Available Movies
2023-10-28 15:52:06.662 DEBUG 16348 --- [http-nio-8080-exec-1] c.r.b.controller.MovieController         : Listed all the Available Movies
2023-10-28 19:53:11.822  INFO 16348 --- [File Watcher] rtingClassPathChangeChangedEventListener : Restarting due to 1 class path change (0 additions, 0 deletions, 1 modification)
2023-10-28 19:53:12.147  INFO 16348 --- [Thread-23] o.apache.catalina.core.StandardService   : Stopping service [Tomcat]
2023-10-28 19:53:12.161  INFO 16348 --- [Thread-23] o.a.c.c.C.[Tomcat].[localhost].[/]       : Destroying Spring FrameworkServlet 'dispatcherServlet'
2023-10-28 19:53:12.258  WARN 16348 --- [Thread-23] o.a.c.loader.WebappClassLoaderBase       : The web application [ROOT] appears to have started a thread named [cluster-ClusterId{value='653bc287a93d5969070f1c77', description='null'}-localhost:27017] but has failed to stop it. This is very likely to create a memory leak. Stack trace of thread:
 java.base@17.0.7/sun.nio.ch.Net.poll(Native Method)
 java.base@17.0.7/sun.nio.ch.NioSocketImpl.park(NioSocketImpl.java:181)
 java.base@17.0.7/sun.nio.ch.NioSocketImpl.timedRead(NioSocketImpl.java:285)
 java.base@17.0.7/sun.nio.ch.NioSocketImpl.implRead(NioSocketImpl.java:309)
 java.base@17.0.7/sun.nio.ch.NioSocketImpl.read(NioSocketImpl.java:350)
 java.base@17.0.7/sun.nio.ch.NioSocketImpl$1.read(NioSocketImpl.java:803)
 java.base@17.0.7/java.net.Socket$SocketInputStream.read(Socket.java:966)
 app//com.mongodb.internal.connection.SocketStream.read(SocketStream.java:110)
 app//com.mongodb.internal.connection.SocketStream.read(SocketStream.java:135)
 app//com.mongodb.internal.connection.InternalStreamConnection.receiveResponseBuffers(InternalStreamConnection.java:713)
 app//com.mongodb.internal.connection.InternalStreamConnection.receiveMessageWithAdditionalTimeout(InternalStreamConnection.java:571)
 app//com.mongodb.internal.connection.InternalStreamConnection.receiveCommandMessageResponse(InternalStreamConnection.java:410)
 app//com.mongodb.internal.connection.InternalStreamConnection.receive(InternalStreamConnection.java:369)
 app//com.mongodb.internal.connection.DefaultServerMonitor$ServerMonitorRunnable.lookupServerDescription(DefaultServerMonitor.java:221)
 app//com.mongodb.internal.connection.DefaultServerMonitor$ServerMonitorRunnable.run(DefaultServerMonitor.java:157)
 java.base@17.0.7/java.lang.Thread.run(Thread.java:833)
2023-10-28 19:53:12.269  WARN 16348 --- [Thread-23] o.a.c.loader.WebappClassLoaderBase       : The web application [ROOT] appears to have started a thread named [cluster-rtt-ClusterId{value='653bc287a93d5969070f1c77', description='null'}-localhost:27017] but has failed to stop it. This is very likely to create a memory leak. Stack trace of thread:
 java.base@17.0.7/java.lang.Thread.sleep(Native Method)
 app//com.mongodb.internal.connection.DefaultServerMonitor.waitForNext(DefaultServerMonitor.java:443)
 app//com.mongodb.internal.connection.DefaultServerMonitor.access$1500(DefaultServerMonitor.java:64)
 app//com.mongodb.internal.connection.DefaultServerMonitor$RoundTripTimeRunnable.run(DefaultServerMonitor.java:415)
 java.base@17.0.7/java.lang.Thread.run(Thread.java:833)
2023-10-28 19:53:12.272  WARN 16348 --- [Thread-23] o.a.c.loader.WebappClassLoaderBase       : The web application [ROOT] appears to have started a thread named [MaintenanceTimer-7-thread-1] but has failed to stop it. This is very likely to create a memory leak. Stack trace of thread:
 java.base@17.0.7/jdk.internal.misc.Unsafe.park(Native Method)
 java.base@17.0.7/java.util.concurrent.locks.LockSupport.parkNanos(LockSupport.java:252)
 java.base@17.0.7/java.util.concurrent.locks.AbstractQueuedSynchronizer$ConditionObject.awaitNanos(AbstractQueuedSynchronizer.java:1672)
 java.base@17.0.7/java.util.concurrent.ScheduledThreadPoolExecutor$DelayedWorkQueue.take(ScheduledThreadPoolExecutor.java:1182)
 java.base@17.0.7/java.util.concurrent.ScheduledThreadPoolExecutor$DelayedWorkQueue.take(ScheduledThreadPoolExecutor.java:899)
 java.base@17.0.7/java.util.concurrent.ThreadPoolExecutor.getTask(ThreadPoolExecutor.java:1062)
 java.base@17.0.7/java.util.concurrent.ThreadPoolExecutor.runWorker(ThreadPoolExecutor.java:1122)
 java.base@17.0.7/java.util.concurrent.ThreadPoolExecutor$Worker.run(ThreadPoolExecutor.java:635)
 java.base@17.0.7/java.lang.Thread.run(Thread.java:833)
2023-10-28 19:53:12.276  WARN 16348 --- [Thread-23] o.a.c.loader.WebappClassLoaderBase       : The web application [ROOT] appears to have started a thread named [logback-1] but has failed to stop it. This is very likely to create a memory leak. Stack trace of thread:
 java.base@17.0.7/jdk.internal.misc.Unsafe.park(Native Method)
 java.base@17.0.7/java.util.concurrent.locks.LockSupport.park(LockSupport.java:341)
 java.base@17.0.7/java.util.concurrent.locks.AbstractQueuedSynchronizer$ConditionNode.block(AbstractQueuedSynchronizer.java:506)
 java.base@17.0.7/java.util.concurrent.ForkJoinPool.unmanagedBlock(ForkJoinPool.java:3463)
 java.base@17.0.7/java.util.concurrent.ForkJoinPool.managedBlock(ForkJoinPool.java:3434)
 java.base@17.0.7/java.util.concurrent.locks.AbstractQueuedSynchronizer$ConditionObject.await(AbstractQueuedSynchronizer.java:1623)
 java.base@17.0.7/java.util.concurrent.ScheduledThreadPoolExecutor$DelayedWorkQueue.take(ScheduledThreadPoolExecutor.java:1170)
 java.base@17.0.7/java.util.concurrent.ScheduledThreadPoolExecutor$DelayedWorkQueue.take(ScheduledThreadPoolExecutor.java:899)
 java.base@17.0.7/java.util.concurrent.ThreadPoolExecutor.getTask(ThreadPoolExecutor.java:1062)
 java.base@17.0.7/java.util.concurrent.ThreadPoolExecutor.runWorker(ThreadPoolExecutor.java:1122)
 java.base@17.0.7/java.util.concurrent.ThreadPoolExecutor$Worker.run(ThreadPoolExecutor.java:635)
 java.base@17.0.7/java.lang.Thread.run(Thread.java:833)
2023-10-28 19:53:12.277  WARN 16348 --- [Thread-23] o.a.c.loader.WebappClassLoaderBase       : The web application [ROOT] appears to have started a thread named [logback-2] but has failed to stop it. This is very likely to create a memory leak. Stack trace of thread:
 java.base@17.0.7/jdk.internal.misc.Unsafe.park(Native Method)
 java.base@17.0.7/java.util.concurrent.locks.LockSupport.park(LockSupport.java:341)
 java.base@17.0.7/java.util.concurrent.locks.AbstractQueuedSynchronizer$ConditionNode.block(AbstractQueuedSynchronizer.java:506)
 java.base@17.0.7/java.util.concurrent.ForkJoinPool.unmanagedBlock(ForkJoinPool.java:3463)
 java.base@17.0.7/java.util.concurrent.ForkJoinPool.managedBlock(ForkJoinPool.java:3434)
 java.base@17.0.7/java.util.concurrent.locks.AbstractQueuedSynchronizer$ConditionObject.await(AbstractQueuedSynchronizer.java:1623)
 java.base@17.0.7/java.util.concurrent.ScheduledThreadPoolExecutor$DelayedWorkQueue.take(ScheduledThreadPoolExecutor.java:1170)
 java.base@17.0.7/java.util.concurrent.ScheduledThreadPoolExecutor$DelayedWorkQueue.take(ScheduledThreadPoolExecutor.java:899)
 java.base@17.0.7/java.util.concurrent.ThreadPoolExecutor.getTask(ThreadPoolExecutor.java:1062)
 java.base@17.0.7/java.util.concurrent.ThreadPoolExecutor.runWorker(ThreadPoolExecutor.java:1122)
 java.base@17.0.7/java.util.concurrent.ThreadPoolExecutor$Worker.run(ThreadPoolExecutor.java:635)
 java.base@17.0.7/java.lang.Thread.run(Thread.java:833)
2023-10-28 19:53:12.975  INFO 16348 --- [restartedMain] c.r.bookmymovie.BookmymovieApplication   : Starting BookmymovieApplication using Java 17.0.7 on LAPTOP-969E9HFQ with PID 16348 (C:\Users\hp\Downloads\project\Backend\bookmymovie\bookmymovie\target\classes started by hp in C:\Users\hp\Downloads\project\Backend\bookmymovie\bookmymovie)
2023-10-28 19:53:12.976 DEBUG 16348 --- [restartedMain] c.r.bookmymovie.BookmymovieApplication   : Running with Spring Boot v2.7.10, Spring v5.3.26
2023-10-28 19:53:12.976  INFO 16348 --- [restartedMain] c.r.bookmymovie.BookmymovieApplication   : No active profile set, falling back to 1 default profile: "default"
2023-10-28 19:53:13.404  INFO 16348 --- [restartedMain] .s.d.r.c.RepositoryConfigurationDelegate : Bootstrapping Spring Data MongoDB repositories in DEFAULT mode.
2023-10-28 19:53:13.433  INFO 16348 --- [restartedMain] .s.d.r.c.RepositoryConfigurationDelegate : Finished Spring Data repository scanning in 28 ms. Found 4 MongoDB repository interfaces.
2023-10-28 19:53:13.564  INFO 16348 --- [restartedMain] o.s.b.w.embedded.tomcat.TomcatWebServer  : Tomcat initialized with port(s): 8080 (http)
2023-10-28 19:53:13.565  INFO 16348 --- [restartedMain] o.apache.catalina.core.StandardService   : Starting service [Tomcat]
2023-10-28 19:53:13.565  INFO 16348 --- [restartedMain] org.apache.catalina.core.StandardEngine  : Starting Servlet engine: [Apache Tomcat/9.0.73]
2023-10-28 19:53:13.585  INFO 16348 --- [restartedMain] o.a.c.c.C.[Tomcat].[localhost].[/]       : Initializing Spring embedded WebApplicationContext
2023-10-28 19:53:13.585  INFO 16348 --- [restartedMain] w.s.c.ServletWebServerApplicationContext : Root WebApplicationContext: initialization completed in 606 ms
2023-10-28 19:53:13.632  INFO 16348 --- [restartedMain] org.mongodb.driver.client                : MongoClient with metadata {"driver": {"name": "mongo-java-driver|sync|spring-boot", "version": "4.6.1"}, "os": {"type": "Windows", "name": "Windows 11", "architecture": "amd64", "version": "10.0"}, "platform": "Java/Eclipse Adoptium/17.0.7+7"} created with settings MongoClientSettings{readPreference=primary, writeConcern=WriteConcern{w=null, wTimeout=null ms, journal=null}, retryWrites=true, retryReads=true, readConcern=ReadConcern{level=null}, credential=null, streamFactoryFactory=null, commandListeners=[io.micrometer.core.instrument.binder.mongodb.MongoMetricsCommandListener@7019f4aa], codecRegistry=ProvidersCodecRegistry{codecProviders=[ValueCodecProvider{}, BsonValueCodecProvider{}, DBRefCodecProvider{}, DBObjectCodecProvider{}, DocumentCodecProvider{}, IterableCodecProvider{}, MapCodecProvider{}, GeoJsonCodecProvider{}, GridFSFileCodecProvider{}, Jsr310CodecProvider{}, JsonObjectCodecProvider{}, BsonCodecProvider{}, EnumCodecProvider{}, com.mongodb.Jep395RecordCodecProvider@2ceddf7]}, clusterSettings={hosts=[localhost:27017], srvServiceName=mongodb, mode=SINGLE, requiredClusterType=UNKNOWN, requiredReplicaSetName='null', serverSelector='null', clusterListeners='[]', serverSelectionTimeout='30000 ms', localThreshold='30000 ms'}, socketSettings=SocketSettings{connectTimeoutMS=10000, readTimeoutMS=0, receiveBufferSize=0, sendBufferSize=0}, heartbeatSocketSettings=SocketSettings{connectTimeoutMS=10000, readTimeoutMS=10000, receiveBufferSize=0, sendBufferSize=0}, connectionPoolSettings=ConnectionPoolSettings{maxSize=100, minSize=0, maxWaitTimeMS=120000, maxConnectionLifeTimeMS=0, maxConnectionIdleTimeMS=0, maintenanceInitialDelayMS=0, maintenanceFrequencyMS=60000, connectionPoolListeners=[io.micrometer.core.instrument.binder.mongodb.MongoMetricsConnectionPoolListener@4302ce29], maxConnecting=2}, serverSettings=ServerSettings{heartbeatFrequencyMS=10000, minHeartbeatFrequencyMS=500, serverListeners='[]', serverMonitorListeners='[]'}, sslSettings=SslSettings{enabled=false, invalidHostNameAllowed=false, context=null}, applicationName='null', compressorList=[], uuidRepresentation=JAVA_LEGACY, serverApi=null, autoEncryptionSettings=null, contextProvider=null}
2023-10-28 19:53:13.640  INFO 16348 --- [cluster-ClusterId{value='653d1951a93d5969070f1c7f', description='null'}-localhost:27017] org.mongodb.driver.connection            : Opened connection [connectionId{localValue:19, serverValue:89}] to localhost:27017
2023-10-28 19:53:13.640  INFO 16348 --- [cluster-ClusterId{value='653d1951a93d5969070f1c7f', description='null'}-localhost:27017] org.mongodb.driver.cluster               : Monitor thread successfully connected to server with description ServerDescription{address=localhost:27017, type=STANDALONE, state=CONNECTED, ok=true, minWireVersion=0, maxWireVersion=13, maxDocumentSize=16777216, logicalSessionTimeoutMinutes=30, roundTripTimeNanos=6399400}
2023-10-28 19:53:13.640  INFO 16348 --- [cluster-rtt-ClusterId{value='653d1951a93d5969070f1c7f', description='null'}-localhost:27017] org.mongodb.driver.connection            : Opened connection [connectionId{localValue:18, serverValue:88}] to localhost:27017
2023-10-28 19:53:13.712 DEBUG 16348 --- [restartedMain] c.r.b.security.jwt.AuthTokenFilter       : Filter 'authenticationJwtTokenFilter' configured for use
2023-10-28 19:53:13.716  INFO 16348 --- [restartedMain] o.s.b.d.a.OptionalLiveReloadServer       : LiveReload server is running on port 35729
2023-10-28 19:53:16.251  INFO 16348 --- [restartedMain] o.s.b.a.e.web.EndpointLinksResolver      : Exposing 14 endpoint(s) beneath base path '/actuator'
2023-10-28 19:53:16.259  INFO 16348 --- [restartedMain] o.s.s.web.DefaultSecurityFilterChain     : Will secure any request with [org.springframework.security.web.session.DisableEncodeUrlFilter@25bbaf14, org.springframework.security.web.context.request.async.WebAsyncManagerIntegrationFilter@2d0f0306, org.springframework.security.web.context.SecurityContextPersistenceFilter@599a2970, org.springframework.security.web.header.HeaderWriterFilter@fe818b8, org.springframework.web.filter.CorsFilter@bf9f614, org.springframework.security.web.authentication.logout.LogoutFilter@54b7c96d, com.rbp.bookmymovie.security.jwt.AuthTokenFilter@41647f1f, org.springframework.security.web.savedrequest.RequestCacheAwareFilter@1778732c, org.springframework.security.web.servletapi.SecurityContextHolderAwareRequestFilter@581a94a3, org.springframework.security.web.authentication.AnonymousAuthenticationFilter@72d26cc5, org.springframework.security.web.session.SessionManagementFilter@65f6bcec, org.springframework.security.web.access.ExceptionTranslationFilter@4940fd82, org.springframework.security.web.access.intercept.FilterSecurityInterceptor@125d71e7]
2023-10-28 19:53:16.333  INFO 16348 --- [restartedMain] o.s.b.w.embedded.tomcat.TomcatWebServer  : Tomcat started on port(s): 8080 (http) with context path ''
2023-10-28 19:53:16.336  INFO 16348 --- [restartedMain] c.r.bookmymovie.BookmymovieApplication   : Started BookmymovieApplication in 3.462 seconds (JVM running for 96465.156)
2023-10-28 19:53:16.341  INFO 16348 --- [restartedMain] org.mongodb.driver.connection            : Opened connection [connectionId{localValue:20, serverValue:90}] to localhost:27017
2023-10-28 19:53:16.500  INFO 16348 --- [restartedMain] .ConditionEvaluationDeltaLoggingListener : Condition evaluation unchanged
2023-10-28 19:53:36.190  INFO 16348 --- [File Watcher] rtingClassPathChangeChangedEventListener : Restarting due to 1 class path change (0 additions, 0 deletions, 1 modification)
2023-10-28 19:53:36.393  INFO 16348 --- [Thread-27] o.apache.catalina.core.StandardService   : Stopping service [Tomcat]
2023-10-28 19:53:36.396  WARN 16348 --- [Thread-27] o.a.c.loader.WebappClassLoaderBase       : The web application [ROOT] appears to have started a thread named [cluster-ClusterId{value='653d1951a93d5969070f1c7f', description='null'}-localhost:27017] but has failed to stop it. This is very likely to create a memory leak. Stack trace of thread:
 java.base@17.0.7/sun.nio.ch.Net.poll(Native Method)
 java.base@17.0.7/sun.nio.ch.NioSocketImpl.park(NioSocketImpl.java:181)
 java.base@17.0.7/sun.nio.ch.NioSocketImpl.timedRead(NioSocketImpl.java:285)
 java.base@17.0.7/sun.nio.ch.NioSocketImpl.implRead(NioSocketImpl.java:309)
 java.base@17.0.7/sun.nio.ch.NioSocketImpl.read(NioSocketImpl.java:350)
 java.base@17.0.7/sun.nio.ch.NioSocketImpl$1.read(NioSocketImpl.java:803)
 java.base@17.0.7/java.net.Socket$SocketInputStream.read(Socket.java:966)
 app//com.mongodb.internal.connection.SocketStream.read(SocketStream.java:110)
 app//com.mongodb.internal.connection.SocketStream.read(SocketStream.java:135)
 app//com.mongodb.internal.connection.InternalStreamConnection.receiveResponseBuffers(InternalStreamConnection.java:713)
 app//com.mongodb.internal.connection.InternalStreamConnection.receiveMessageWithAdditionalTimeout(InternalStreamConnection.java:571)
 app//com.mongodb.internal.connection.InternalStreamConnection.receiveCommandMessageResponse(InternalStreamConnection.java:410)
 app//com.mongodb.internal.connection.InternalStreamConnection.receive(InternalStreamConnection.java:369)
 app//com.mongodb.internal.connection.DefaultServerMonitor$ServerMonitorRunnable.lookupServerDescription(DefaultServerMonitor.java:221)
 app//com.mongodb.internal.connection.DefaultServerMonitor$ServerMonitorRunnable.run(DefaultServerMonitor.java:157)
 java.base@17.0.7/java.lang.Thread.run(Thread.java:833)
2023-10-28 19:53:36.397  WARN 16348 --- [Thread-27] o.a.c.loader.WebappClassLoaderBase       : The web application [ROOT] appears to have started a thread named [cluster-rtt-ClusterId{value='653d1951a93d5969070f1c7f', description='null'}-localhost:27017] but has failed to stop it. This is very likely to create a memory leak. Stack trace of thread:
 java.base@17.0.7/java.lang.Thread.sleep(Native Method)
 app//com.mongodb.internal.connection.DefaultServerMonitor.waitForNext(DefaultServerMonitor.java:443)
 app//com.mongodb.internal.connection.DefaultServerMonitor.access$1500(DefaultServerMonitor.java:64)
 app//com.mongodb.internal.connection.DefaultServerMonitor$RoundTripTimeRunnable.run(DefaultServerMonitor.java:415)
 java.base@17.0.7/java.lang.Thread.run(Thread.java:833)
2023-10-28 19:53:36.451  WARN 16348 --- [Thread-27] o.a.c.loader.WebappClassLoaderBase       : The web application [ROOT] appears to have started a thread named [MaintenanceTimer-8-thread-1] but has failed to stop it. This is very likely to create a memory leak. Stack trace of thread:
 java.base@17.0.7/jdk.internal.misc.Unsafe.park(Native Method)
 java.base@17.0.7/java.util.concurrent.locks.LockSupport.parkNanos(LockSupport.java:252)
 java.base@17.0.7/java.util.concurrent.locks.AbstractQueuedSynchronizer$ConditionObject.awaitNanos(AbstractQueuedSynchronizer.java:1672)
 java.base@17.0.7/java.util.concurrent.ScheduledThreadPoolExecutor$DelayedWorkQueue.take(ScheduledThreadPoolExecutor.java:1182)
 java.base@17.0.7/java.util.concurrent.ScheduledThreadPoolExecutor$DelayedWorkQueue.take(ScheduledThreadPoolExecutor.java:899)
 java.base@17.0.7/java.util.concurrent.ThreadPoolExecutor.getTask(ThreadPoolExecutor.java:1062)
 java.base@17.0.7/java.util.concurrent.ThreadPoolExecutor.runWorker(ThreadPoolExecutor.java:1122)
 java.base@17.0.7/java.util.concurrent.ThreadPoolExecutor$Worker.run(ThreadPoolExecutor.java:635)
 java.base@17.0.7/java.lang.Thread.run(Thread.java:833)
2023-10-28 19:53:37.177  INFO 16348 --- [restartedMain] c.r.bookmymovie.BookmymovieApplication   : Starting BookmymovieApplication using Java 17.0.7 on LAPTOP-969E9HFQ with PID 16348 (C:\Users\hp\Downloads\project\Backend\bookmymovie\bookmymovie\target\classes started by hp in C:\Users\hp\Downloads\project\Backend\bookmymovie\bookmymovie)
2023-10-28 19:53:37.178 DEBUG 16348 --- [restartedMain] c.r.bookmymovie.BookmymovieApplication   : Running with Spring Boot v2.7.10, Spring v5.3.26
2023-10-28 19:53:37.178  INFO 16348 --- [restartedMain] c.r.bookmymovie.BookmymovieApplication   : No active profile set, falling back to 1 default profile: "default"
2023-10-28 19:53:37.423  INFO 16348 --- [restartedMain] .s.d.r.c.RepositoryConfigurationDelegate : Bootstrapping Spring Data MongoDB repositories in DEFAULT mode.
2023-10-28 19:53:37.437  INFO 16348 --- [restartedMain] .s.d.r.c.RepositoryConfigurationDelegate : Finished Spring Data repository scanning in 13 ms. Found 4 MongoDB repository interfaces.
2023-10-28 19:53:37.496  INFO 16348 --- [restartedMain] o.s.b.w.embedded.tomcat.TomcatWebServer  : Tomcat initialized with port(s): 8080 (http)
2023-10-28 19:53:37.497  INFO 16348 --- [restartedMain] o.apache.catalina.core.StandardService   : Starting service [Tomcat]
2023-10-28 19:53:37.497  INFO 16348 --- [restartedMain] org.apache.catalina.core.StandardEngine  : Starting Servlet engine: [Apache Tomcat/9.0.73]
2023-10-28 19:53:37.514  INFO 16348 --- [restartedMain] o.a.c.c.C.[Tomcat].[localhost].[/]       : Initializing Spring embedded WebApplicationContext
2023-10-28 19:53:37.514  INFO 16348 --- [restartedMain] w.s.c.ServletWebServerApplicationContext : Root WebApplicationContext: initialization completed in 335 ms
2023-10-28 19:53:37.548  INFO 16348 --- [restartedMain] org.mongodb.driver.client                : MongoClient with metadata {"driver": {"name": "mongo-java-driver|sync|spring-boot", "version": "4.6.1"}, "os": {"type": "Windows", "name": "Windows 11", "architecture": "amd64", "version": "10.0"}, "platform": "Java/Eclipse Adoptium/17.0.7+7"} created with settings MongoClientSettings{readPreference=primary, writeConcern=WriteConcern{w=null, wTimeout=null ms, journal=null}, retryWrites=true, retryReads=true, readConcern=ReadConcern{level=null}, credential=null, streamFactoryFactory=null, commandListeners=[io.micrometer.core.instrument.binder.mongodb.MongoMetricsCommandListener@4e83cf08], codecRegistry=ProvidersCodecRegistry{codecProviders=[ValueCodecProvider{}, BsonValueCodecProvider{}, DBRefCodecProvider{}, DBObjectCodecProvider{}, DocumentCodecProvider{}, IterableCodecProvider{}, MapCodecProvider{}, GeoJsonCodecProvider{}, GridFSFileCodecProvider{}, Jsr310CodecProvider{}, JsonObjectCodecProvider{}, BsonCodecProvider{}, EnumCodecProvider{}, com.mongodb.Jep395RecordCodecProvider@2ceddf7]}, clusterSettings={hosts=[localhost:27017], srvServiceName=mongodb, mode=SINGLE, requiredClusterType=UNKNOWN, requiredReplicaSetName='null', serverSelector='null', clusterListeners='[]', serverSelectionTimeout='30000 ms', localThreshold='30000 ms'}, socketSettings=SocketSettings{connectTimeoutMS=10000, readTimeoutMS=0, receiveBufferSize=0, sendBufferSize=0}, heartbeatSocketSettings=SocketSettings{connectTimeoutMS=10000, readTimeoutMS=10000, receiveBufferSize=0, sendBufferSize=0}, connectionPoolSettings=ConnectionPoolSettings{maxSize=100, minSize=0, maxWaitTimeMS=120000, maxConnectionLifeTimeMS=0, maxConnectionIdleTimeMS=0, maintenanceInitialDelayMS=0, maintenanceFrequencyMS=60000, connectionPoolListeners=[io.micrometer.core.instrument.binder.mongodb.MongoMetricsConnectionPoolListener@c1161e5], maxConnecting=2}, serverSettings=ServerSettings{heartbeatFrequencyMS=10000, minHeartbeatFrequencyMS=500, serverListeners='[]', serverMonitorListeners='[]'}, sslSettings=SslSettings{enabled=false, invalidHostNameAllowed=false, context=null}, applicationName='null', compressorList=[], uuidRepresentation=JAVA_LEGACY, serverApi=null, autoEncryptionSettings=null, contextProvider=null}
2023-10-28 19:53:37.551  INFO 16348 --- [cluster-rtt-ClusterId{value='653d1969a93d5969070f1c87', description='null'}-localhost:27017] org.mongodb.driver.connection            : Opened connection [connectionId{localValue:22, serverValue:92}] to localhost:27017
2023-10-28 19:53:37.551  INFO 16348 --- [cluster-ClusterId{value='653d1969a93d5969070f1c87', description='null'}-localhost:27017] org.mongodb.driver.connection            : Opened connection [connectionId{localValue:21, serverValue:91}] to localhost:27017
2023-10-28 19:53:37.551  INFO 16348 --- [cluster-ClusterId{value='653d1969a93d5969070f1c87', description='null'}-localhost:27017] org.mongodb.driver.cluster               : Monitor thread successfully connected to server with description ServerDescription{address=localhost:27017, type=STANDALONE, state=CONNECTED, ok=true, minWireVersion=0, maxWireVersion=13, maxDocumentSize=16777216, logicalSessionTimeoutMinutes=30, roundTripTimeNanos=1400500}
2023-10-28 19:53:37.602 DEBUG 16348 --- [restartedMain] c.r.b.security.jwt.AuthTokenFilter       : Filter 'authenticationJwtTokenFilter' configured for use
2023-10-28 19:53:37.605  INFO 16348 --- [restartedMain] o.s.b.d.a.OptionalLiveReloadServer       : LiveReload server is running on port 35729
2023-10-28 19:53:37.978  INFO 16348 --- [restartedMain] o.s.b.a.e.web.EndpointLinksResolver      : Exposing 14 endpoint(s) beneath base path '/actuator'
2023-10-28 19:53:37.984  INFO 16348 --- [restartedMain] o.s.s.web.DefaultSecurityFilterChain     : Will secure any request with [org.springframework.security.web.session.DisableEncodeUrlFilter@532bd7ea, org.springframework.security.web.context.request.async.WebAsyncManagerIntegrationFilter@12cd7b8a, org.springframework.security.web.context.SecurityContextPersistenceFilter@7dd70808, org.springframework.security.web.header.HeaderWriterFilter@65697b19, org.springframework.web.filter.CorsFilter@cab6cdf, org.springframework.security.web.authentication.logout.LogoutFilter@23da3df3, com.rbp.bookmymovie.security.jwt.AuthTokenFilter@6003c5d4, org.springframework.security.web.savedrequest.RequestCacheAwareFilter@5d975cae, org.springframework.security.web.servletapi.SecurityContextHolderAwareRequestFilter@738845b6, org.springframework.security.web.authentication.AnonymousAuthenticationFilter@24e110d6, org.springframework.security.web.session.SessionManagementFilter@1d511885, org.springframework.security.web.access.ExceptionTranslationFilter@6cf99337, org.springframework.security.web.access.intercept.FilterSecurityInterceptor@585e0783]
2023-10-28 19:53:38.027  INFO 16348 --- [restartedMain] o.s.b.w.embedded.tomcat.TomcatWebServer  : Tomcat started on port(s): 8080 (http) with context path ''
2023-10-28 19:53:38.031  INFO 16348 --- [restartedMain] c.r.bookmymovie.BookmymovieApplication   : Started BookmymovieApplication in 0.975 seconds (JVM running for 96486.851)
2023-10-28 19:53:38.035  INFO 16348 --- [restartedMain] org.mongodb.driver.connection            : Opened connection [connectionId{localValue:23, serverValue:93}] to localhost:27017
2023-10-28 19:53:38.118  INFO 16348 --- [restartedMain] .ConditionEvaluationDeltaLoggingListener : Condition evaluation unchanged
2023-10-28 20:00:30.318  INFO 16348 --- [File Watcher] rtingClassPathChangeChangedEventListener : Restarting due to 1 class path change (0 additions, 0 deletions, 1 modification)
2023-10-28 20:00:30.422  INFO 16348 --- [Thread-31] o.apache.catalina.core.StandardService   : Stopping service [Tomcat]
2023-10-28 20:00:30.461  WARN 16348 --- [Thread-31] o.a.c.loader.WebappClassLoaderBase       : The web application [ROOT] appears to have started a thread named [cluster-ClusterId{value='653d1969a93d5969070f1c87', description='null'}-localhost:27017] but has failed to stop it. This is very likely to create a memory leak. Stack trace of thread:
 java.base@17.0.7/sun.nio.ch.Net.poll(Native Method)
 java.base@17.0.7/sun.nio.ch.NioSocketImpl.park(NioSocketImpl.java:181)
 java.base@17.0.7/sun.nio.ch.NioSocketImpl.timedRead(NioSocketImpl.java:285)
 java.base@17.0.7/sun.nio.ch.NioSocketImpl.implRead(NioSocketImpl.java:309)
 java.base@17.0.7/sun.nio.ch.NioSocketImpl.read(NioSocketImpl.java:350)
 java.base@17.0.7/sun.nio.ch.NioSocketImpl$1.read(NioSocketImpl.java:803)
 java.base@17.0.7/java.net.Socket$SocketInputStream.read(Socket.java:966)
 app//com.mongodb.internal.connection.SocketStream.read(SocketStream.java:110)
 app//com.mongodb.internal.connection.SocketStream.read(SocketStream.java:135)
 app//com.mongodb.internal.connection.InternalStreamConnection.receiveResponseBuffers(InternalStreamConnection.java:713)
 app//com.mongodb.internal.connection.InternalStreamConnection.receiveMessageWithAdditionalTimeout(InternalStreamConnection.java:571)
 app//com.mongodb.internal.connection.InternalStreamConnection.receiveCommandMessageResponse(InternalStreamConnection.java:410)
 app//com.mongodb.internal.connection.InternalStreamConnection.receive(InternalStreamConnection.java:369)
 app//com.mongodb.internal.connection.DefaultServerMonitor$ServerMonitorRunnable.lookupServerDescription(DefaultServerMonitor.java:221)
 app//com.mongodb.internal.connection.DefaultServerMonitor$ServerMonitorRunnable.run(DefaultServerMonitor.java:157)
 java.base@17.0.7/java.lang.Thread.run(Thread.java:833)
2023-10-28 20:00:30.479  WARN 16348 --- [Thread-31] o.a.c.loader.WebappClassLoaderBase       : The web application [ROOT] appears to have started a thread named [cluster-rtt-ClusterId{value='653d1969a93d5969070f1c87', description='null'}-localhost:27017] but has failed to stop it. This is very likely to create a memory leak. Stack trace of thread:
 java.base@17.0.7/java.lang.Thread.sleep(Native Method)
 app//com.mongodb.internal.connection.DefaultServerMonitor.waitForNext(DefaultServerMonitor.java:443)
 app//com.mongodb.internal.connection.DefaultServerMonitor.access$1500(DefaultServerMonitor.java:64)
 app//com.mongodb.internal.connection.DefaultServerMonitor$RoundTripTimeRunnable.run(DefaultServerMonitor.java:415)
 java.base@17.0.7/java.lang.Thread.run(Thread.java:833)
2023-10-28 20:00:30.483  WARN 16348 --- [Thread-31] o.a.c.loader.WebappClassLoaderBase       : The web application [ROOT] appears to have started a thread named [MaintenanceTimer-9-thread-1] but has failed to stop it. This is very likely to create a memory leak. Stack trace of thread:
 java.base@17.0.7/jdk.internal.misc.Unsafe.park(Native Method)
 java.base@17.0.7/java.util.concurrent.locks.LockSupport.parkNanos(LockSupport.java:252)
 java.base@17.0.7/java.util.concurrent.locks.AbstractQueuedSynchronizer$ConditionObject.awaitNanos(AbstractQueuedSynchronizer.java:1672)
 java.base@17.0.7/java.util.concurrent.ScheduledThreadPoolExecutor$DelayedWorkQueue.take(ScheduledThreadPoolExecutor.java:1182)
 java.base@17.0.7/java.util.concurrent.ScheduledThreadPoolExecutor$DelayedWorkQueue.take(ScheduledThreadPoolExecutor.java:899)
 java.base@17.0.7/java.util.concurrent.ThreadPoolExecutor.getTask(ThreadPoolExecutor.java:1062)
 java.base@17.0.7/java.util.concurrent.ThreadPoolExecutor.runWorker(ThreadPoolExecutor.java:1122)
 java.base@17.0.7/java.util.concurrent.ThreadPoolExecutor$Worker.run(ThreadPoolExecutor.java:635)
 java.base@17.0.7/java.lang.Thread.run(Thread.java:833)
2023-10-28 20:00:30.674  INFO 16348 --- [restartedMain] c.r.bookmymovie.BookmymovieApplication   : Starting BookmymovieApplication using Java 17.0.7 on LAPTOP-969E9HFQ with PID 16348 (C:\Users\hp\Downloads\project\Backend\bookmymovie\bookmymovie\target\classes started by hp in C:\Users\hp\Downloads\project\Backend\bookmymovie\bookmymovie)
2023-10-28 20:00:30.674 DEBUG 16348 --- [restartedMain] c.r.bookmymovie.BookmymovieApplication   : Running with Spring Boot v2.7.10, Spring v5.3.26
2023-10-28 20:00:30.674  INFO 16348 --- [restartedMain] c.r.bookmymovie.BookmymovieApplication   : No active profile set, falling back to 1 default profile: "default"
2023-10-28 20:00:31.153  INFO 16348 --- [restartedMain] .s.d.r.c.RepositoryConfigurationDelegate : Bootstrapping Spring Data MongoDB repositories in DEFAULT mode.
2023-10-28 20:00:31.177  INFO 16348 --- [restartedMain] .s.d.r.c.RepositoryConfigurationDelegate : Finished Spring Data repository scanning in 23 ms. Found 4 MongoDB repository interfaces.
2023-10-28 20:00:31.274  INFO 16348 --- [restartedMain] o.s.b.w.embedded.tomcat.TomcatWebServer  : Tomcat initialized with port(s): 8080 (http)
2023-10-28 20:00:31.287  INFO 16348 --- [restartedMain] o.apache.catalina.core.StandardService   : Starting service [Tomcat]
2023-10-28 20:00:31.287  INFO 16348 --- [restartedMain] org.apache.catalina.core.StandardEngine  : Starting Servlet engine: [Apache Tomcat/9.0.73]
2023-10-28 20:00:31.308  INFO 16348 --- [restartedMain] o.a.c.c.C.[Tomcat].[localhost].[/]       : Initializing Spring embedded WebApplicationContext
2023-10-28 20:00:31.308  INFO 16348 --- [restartedMain] w.s.c.ServletWebServerApplicationContext : Root WebApplicationContext: initialization completed in 632 ms
2023-10-28 20:00:31.356  INFO 16348 --- [restartedMain] org.mongodb.driver.cluster               : Adding discovered server moviebookingapp-db.mongo.cosmos.azure.com:10255 to client view of cluster
2023-10-28 20:00:31.358  INFO 16348 --- [restartedMain] org.mongodb.driver.client                : MongoClient with metadata {"driver": {"name": "mongo-java-driver|sync|spring-boot", "version": "4.6.1"}, "os": {"type": "Windows", "name": "Windows 11", "architecture": "amd64", "version": "10.0"}, "platform": "Java/Eclipse Adoptium/17.0.7+7", "application": {"name": "@moviebookingapp-db@ "}} created with settings MongoClientSettings{readPreference=primary, writeConcern=WriteConcern{w=null, wTimeout=null ms, journal=null}, retryWrites=false, retryReads=true, readConcern=ReadConcern{level=null}, credential=MongoCredential{mechanism=null, userName='moviebookingapp-db', source='admin', password=<hidden>, mechanismProperties=<hidden>}, streamFactoryFactory=null, commandListeners=[io.micrometer.core.instrument.binder.mongodb.MongoMetricsCommandListener@5345f1f2], codecRegistry=ProvidersCodecRegistry{codecProviders=[ValueCodecProvider{}, BsonValueCodecProvider{}, DBRefCodecProvider{}, DBObjectCodecProvider{}, DocumentCodecProvider{}, IterableCodecProvider{}, MapCodecProvider{}, GeoJsonCodecProvider{}, GridFSFileCodecProvider{}, Jsr310CodecProvider{}, JsonObjectCodecProvider{}, BsonCodecProvider{}, EnumCodecProvider{}, com.mongodb.Jep395RecordCodecProvider@2ceddf7]}, clusterSettings={hosts=[moviebookingapp-db.mongo.cosmos.azure.com:10255], srvServiceName=mongodb, mode=MULTIPLE, requiredClusterType=REPLICA_SET, requiredReplicaSetName='globaldb', serverSelector='null', clusterListeners='[]', serverSelectionTimeout='30000 ms', localThreshold='30000 ms'}, socketSettings=SocketSettings{connectTimeoutMS=10000, readTimeoutMS=0, receiveBufferSize=0, sendBufferSize=0}, heartbeatSocketSettings=SocketSettings{connectTimeoutMS=10000, readTimeoutMS=10000, receiveBufferSize=0, sendBufferSize=0}, connectionPoolSettings=ConnectionPoolSettings{maxSize=100, minSize=0, maxWaitTimeMS=120000, maxConnectionLifeTimeMS=0, maxConnectionIdleTimeMS=120000, maintenanceInitialDelayMS=0, maintenanceFrequencyMS=60000, connectionPoolListeners=[io.micrometer.core.instrument.binder.mongodb.MongoMetricsConnectionPoolListener@67e4b641], maxConnecting=2}, serverSettings=ServerSettings{heartbeatFrequencyMS=10000, minHeartbeatFrequencyMS=500, serverListeners='[]', serverMonitorListeners='[]'}, sslSettings=SslSettings{enabled=true, invalidHostNameAllowed=false, context=null}, applicationName='@moviebookingapp-db@ ', compressorList=[], uuidRepresentation=JAVA_LEGACY, serverApi=null, autoEncryptionSettings=null, contextProvider=null}
2023-10-28 20:00:31.423 DEBUG 16348 --- [restartedMain] c.r.b.security.jwt.AuthTokenFilter       : Filter 'authenticationJwtTokenFilter' configured for use
2023-10-28 20:00:31.427  INFO 16348 --- [restartedMain] o.s.b.d.a.OptionalLiveReloadServer       : LiveReload server is running on port 35729
2023-10-28 20:00:31.872  INFO 16348 --- [restartedMain] o.s.b.a.e.web.EndpointLinksResolver      : Exposing 14 endpoint(s) beneath base path '/actuator'
2023-10-28 20:00:31.879  INFO 16348 --- [restartedMain] o.s.s.web.DefaultSecurityFilterChain     : Will secure any request with [org.springframework.security.web.session.DisableEncodeUrlFilter@2ed6bd81, org.springframework.security.web.context.request.async.WebAsyncManagerIntegrationFilter@52ca891, org.springframework.security.web.context.SecurityContextPersistenceFilter@569da490, org.springframework.security.web.header.HeaderWriterFilter@3d19f4b4, org.springframework.web.filter.CorsFilter@47a7abee, org.springframework.security.web.authentication.logout.LogoutFilter@5c6af39, com.rbp.bookmymovie.security.jwt.AuthTokenFilter@234e309a, org.springframework.security.web.savedrequest.RequestCacheAwareFilter@7d9699f3, org.springframework.security.web.servletapi.SecurityContextHolderAwareRequestFilter@fd87ea1, org.springframework.security.web.authentication.AnonymousAuthenticationFilter@350b2dd1, org.springframework.security.web.session.SessionManagementFilter@28803fb3, org.springframework.security.web.access.ExceptionTranslationFilter@62593f37, org.springframework.security.web.access.intercept.FilterSecurityInterceptor@21e081b]
2023-10-28 20:00:31.935  INFO 16348 --- [restartedMain] o.s.b.w.embedded.tomcat.TomcatWebServer  : Tomcat started on port(s): 8080 (http) with context path ''
2023-10-28 20:00:31.941  INFO 16348 --- [restartedMain] c.r.bookmymovie.BookmymovieApplication   : Started BookmymovieApplication in 1.286 seconds (JVM running for 96900.761)
2023-10-28 20:00:31.946  INFO 16348 --- [restartedMain] org.mongodb.driver.cluster               : No server chosen by com.mongodb.client.internal.MongoClientDelegate$1@1c2c0f7a from cluster description ClusterDescription{type=REPLICA_SET, connectionMode=MULTIPLE, serverDescriptions=[ServerDescription{address=moviebookingapp-db.mongo.cosmos.azure.com:10255, type=UNKNOWN, state=CONNECTING}]}. Waiting for 30000 ms before timing out
2023-10-28 20:00:34.574  INFO 16348 --- [cluster-rtt-ClusterId{value='653d1b07a93d5969070f1c8f', description='null'}-moviebookingapp-db.mongo.cosmos.azure.com:10255] org.mongodb.driver.connection            : Opened connection [connectionId{localValue:25, serverValue:1269648488}] to moviebookingapp-db.mongo.cosmos.azure.com:10255
2023-10-28 20:00:34.750  INFO 16348 --- [cluster-ClusterId{value='653d1b07a93d5969070f1c8f', description='null'}-moviebookingapp-db.mongo.cosmos.azure.com:10255] org.mongodb.driver.connection            : Opened connection [connectionId{localValue:24, serverValue:1984804879}] to moviebookingapp-db.mongo.cosmos.azure.com:10255
2023-10-28 20:00:34.750  INFO 16348 --- [cluster-ClusterId{value='653d1b07a93d5969070f1c8f', description='null'}-moviebookingapp-db.mongo.cosmos.azure.com:10255] org.mongodb.driver.cluster               : Monitor thread successfully connected to server with description ServerDescription{address=moviebookingapp-db.mongo.cosmos.azure.com:10255, type=REPLICA_SET_PRIMARY, state=CONNECTED, ok=true, minWireVersion=0, maxWireVersion=8, maxDocumentSize=16777216, logicalSessionTimeoutMinutes=30, roundTripTimeNanos=1319225400, setName='globaldb', canonicalAddress=moviebookingapp-db-westus.mongo.cosmos.azure.com:10255, hosts=[moviebookingapp-db-westus.mongo.cosmos.azure.com:10255], passives=[], arbiters=[], primary='moviebookingapp-db-westus.mongo.cosmos.azure.com:10255', tagSet=TagSet{[Tag{name='region', value='West US'}]}, electionId=null, setVersion=1, topologyVersion=null, lastWriteDate=null, lastUpdateTimeNanos=953595913928000}
2023-10-28 20:00:34.752  INFO 16348 --- [cluster-ClusterId{value='653d1b07a93d5969070f1c8f', description='null'}-moviebookingapp-db.mongo.cosmos.azure.com:10255] org.mongodb.driver.cluster               : Adding discovered server moviebookingapp-db-westus.mongo.cosmos.azure.com:10255 to client view of cluster
2023-10-28 20:00:34.753  INFO 16348 --- [cluster-ClusterId{value='653d1b07a93d5969070f1c8f', description='null'}-moviebookingapp-db.mongo.cosmos.azure.com:10255] org.mongodb.driver.cluster               : Server moviebookingapp-db.mongo.cosmos.azure.com:10255 is no longer a member of the replica set.  Removing from client view of cluster.
2023-10-28 20:00:34.757  INFO 16348 --- [cluster-ClusterId{value='653d1b07a93d5969070f1c8f', description='null'}-moviebookingapp-db.mongo.cosmos.azure.com:10255] org.mongodb.driver.cluster               : Setting max set version to 1 from replica set primary moviebookingapp-db.mongo.cosmos.azure.com:10255
2023-10-28 20:00:34.757  INFO 16348 --- [cluster-ClusterId{value='653d1b07a93d5969070f1c8f', description='null'}-moviebookingapp-db.mongo.cosmos.azure.com:10255] org.mongodb.driver.cluster               : Discovered replica set primary moviebookingapp-db.mongo.cosmos.azure.com:10255
2023-10-28 20:00:35.948  INFO 16348 --- [cluster-ClusterId{value='653d1b07a93d5969070f1c8f', description='null'}-moviebookingapp-db-westus.mongo.cosmos.azure.com:10255] org.mongodb.driver.connection            : Opened connection [connectionId{localValue:27, serverValue:650685265}] to moviebookingapp-db-westus.mongo.cosmos.azure.com:10255
2023-10-28 20:00:35.949  INFO 16348 --- [cluster-ClusterId{value='653d1b07a93d5969070f1c8f', description='null'}-moviebookingapp-db-westus.mongo.cosmos.azure.com:10255] org.mongodb.driver.cluster               : Monitor thread successfully connected to server with description ServerDescription{address=moviebookingapp-db-westus.mongo.cosmos.azure.com:10255, type=REPLICA_SET_PRIMARY, state=CONNECTED, ok=true, minWireVersion=0, maxWireVersion=8, maxDocumentSize=16777216, logicalSessionTimeoutMinutes=30, roundTripTimeNanos=847198200, setName='globaldb', canonicalAddress=moviebookingapp-db-westus.mongo.cosmos.azure.com:10255, hosts=[moviebookingapp-db-westus.mongo.cosmos.azure.com:10255], passives=[], arbiters=[], primary='moviebookingapp-db-westus.mongo.cosmos.azure.com:10255', tagSet=TagSet{[Tag{name='region', value='West US'}]}, electionId=null, setVersion=1, topologyVersion=null, lastWriteDate=null, lastUpdateTimeNanos=953597111528100}
2023-10-28 20:00:35.950  INFO 16348 --- [cluster-ClusterId{value='653d1b07a93d5969070f1c8f', description='null'}-moviebookingapp-db-westus.mongo.cosmos.azure.com:10255] org.mongodb.driver.cluster               : Discovered replica set primary moviebookingapp-db-westus.mongo.cosmos.azure.com:10255
2023-10-28 20:00:36.290  INFO 16348 --- [cluster-rtt-ClusterId{value='653d1b07a93d5969070f1c8f', description='null'}-moviebookingapp-db-westus.mongo.cosmos.azure.com:10255] org.mongodb.driver.connection            : Opened connection [connectionId{localValue:26, serverValue:1133472745}] to moviebookingapp-db-westus.mongo.cosmos.azure.com:10255
2023-10-28 20:00:38.827  INFO 16348 --- [restartedMain] org.mongodb.driver.connection            : Opened connection [connectionId{localValue:28, serverValue:162719986}] to moviebookingapp-db-westus.mongo.cosmos.azure.com:10255
2023-10-28 20:00:43.772  INFO 16348 --- [restartedMain] .ConditionEvaluationDeltaLoggingListener : Condition evaluation unchanged
2023-10-28 20:01:22.750  INFO 16348 --- [File Watcher] rtingClassPathChangeChangedEventListener : Restarting due to 32 class path changes (0 additions, 32 deletions, 0 modifications)
2023-10-28 20:01:22.816  INFO 16348 --- [Thread-35] o.apache.catalina.core.StandardService   : Stopping service [Tomcat]
2023-10-28 20:01:22.819  WARN 16348 --- [Thread-35] o.a.c.loader.WebappClassLoaderBase       : The web application [ROOT] appears to have started a thread named [cluster-ClusterId{value='653d1b07a93d5969070f1c8f', description='null'}-moviebookingapp-db-westus.mongo.cosmos.azure.com:10255] but has failed to stop it. This is very likely to create a memory leak. Stack trace of thread:
 java.base@17.0.7/jdk.internal.misc.Unsafe.park(Native Method)
 java.base@17.0.7/java.util.concurrent.locks.LockSupport.parkNanos(LockSupport.java:252)
 java.base@17.0.7/java.util.concurrent.locks.AbstractQueuedSynchronizer$ConditionObject.awaitNanos(AbstractQueuedSynchronizer.java:1672)
 app//com.mongodb.internal.connection.DefaultServerMonitor$ServerMonitorRunnable.waitForSignalOrTimeout(DefaultServerMonitor.java:300)
 app//com.mongodb.internal.connection.DefaultServerMonitor$ServerMonitorRunnable.waitForNext(DefaultServerMonitor.java:281)
 app//com.mongodb.internal.connection.DefaultServerMonitor$ServerMonitorRunnable.run(DefaultServerMonitor.java:179)
 java.base@17.0.7/java.lang.Thread.run(Thread.java:833)
2023-10-28 20:01:22.820  WARN 16348 --- [Thread-35] o.a.c.loader.WebappClassLoaderBase       : The web application [ROOT] appears to have started a thread named [cluster-rtt-ClusterId{value='653d1b07a93d5969070f1c8f', description='null'}-moviebookingapp-db-westus.mongo.cosmos.azure.com:10255] but has failed to stop it. This is very likely to create a memory leak. Stack trace of thread:
 java.base@17.0.7/java.lang.Thread.sleep(Native Method)
 app//com.mongodb.internal.connection.DefaultServerMonitor.waitForNext(DefaultServerMonitor.java:443)
 app//com.mongodb.internal.connection.DefaultServerMonitor.access$1500(DefaultServerMonitor.java:64)
 app//com.mongodb.internal.connection.DefaultServerMonitor$RoundTripTimeRunnable.run(DefaultServerMonitor.java:415)
 java.base@17.0.7/java.lang.Thread.run(Thread.java:833)
2023-10-28 20:01:22.822  WARN 16348 --- [Thread-35] o.a.c.loader.WebappClassLoaderBase       : The web application [ROOT] appears to have started a thread named [MaintenanceTimer-11-thread-1] but has failed to stop it. This is very likely to create a memory leak. Stack trace of thread:
 java.base@17.0.7/jdk.internal.misc.Unsafe.park(Native Method)
 java.base@17.0.7/java.util.concurrent.locks.LockSupport.parkNanos(LockSupport.java:252)
 java.base@17.0.7/java.util.concurrent.locks.AbstractQueuedSynchronizer$ConditionObject.awaitNanos(AbstractQueuedSynchronizer.java:1672)
 java.base@17.0.7/java.util.concurrent.ScheduledThreadPoolExecutor$DelayedWorkQueue.take(ScheduledThreadPoolExecutor.java:1182)
 java.base@17.0.7/java.util.concurrent.ScheduledThreadPoolExecutor$DelayedWorkQueue.take(ScheduledThreadPoolExecutor.java:899)
 java.base@17.0.7/java.util.concurrent.ThreadPoolExecutor.getTask(ThreadPoolExecutor.java:1062)
 java.base@17.0.7/java.util.concurrent.ThreadPoolExecutor.runWorker(ThreadPoolExecutor.java:1122)
 java.base@17.0.7/java.util.concurrent.ThreadPoolExecutor$Worker.run(ThreadPoolExecutor.java:635)
 java.base@17.0.7/java.lang.Thread.run(Thread.java:833)
2023-10-28 20:01:25.172  INFO 16348 --- [restartedMain] c.r.bookmymovie.BookmymovieApplication   : Starting BookmymovieApplication using Java 17.0.7 on LAPTOP-969E9HFQ with PID 16348 (C:\Users\hp\Downloads\project\Backend\bookmymovie\bookmymovie\target\classes started by hp in C:\Users\hp\Downloads\project\Backend\bookmymovie\bookmymovie)
2023-10-28 20:01:25.173 DEBUG 16348 --- [restartedMain] c.r.bookmymovie.BookmymovieApplication   : Running with Spring Boot v2.7.10, Spring v5.3.26
2023-10-28 20:01:25.173  INFO 16348 --- [restartedMain] c.r.bookmymovie.BookmymovieApplication   : No active profile set, falling back to 1 default profile: "default"
2023-10-28 20:01:25.443  INFO 16348 --- [restartedMain] .s.d.r.c.RepositoryConfigurationDelegate : Bootstrapping Spring Data MongoDB repositories in DEFAULT mode.
2023-10-28 20:01:25.463  INFO 16348 --- [restartedMain] .s.d.r.c.RepositoryConfigurationDelegate : Finished Spring Data repository scanning in 19 ms. Found 4 MongoDB repository interfaces.
2023-10-28 20:01:25.517  INFO 16348 --- [restartedMain] o.s.b.w.embedded.tomcat.TomcatWebServer  : Tomcat initialized with port(s): 8080 (http)
2023-10-28 20:01:25.518  INFO 16348 --- [restartedMain] o.apache.catalina.core.StandardService   : Starting service [Tomcat]
2023-10-28 20:01:25.518  INFO 16348 --- [restartedMain] org.apache.catalina.core.StandardEngine  : Starting Servlet engine: [Apache Tomcat/9.0.73]
2023-10-28 20:01:25.534  INFO 16348 --- [restartedMain] o.a.c.c.C.[Tomcat-1].[localhost].[/]     : Initializing Spring embedded WebApplicationContext
2023-10-28 20:01:25.534  INFO 16348 --- [restartedMain] w.s.c.ServletWebServerApplicationContext : Root WebApplicationContext: initialization completed in 358 ms
2023-10-28 20:01:25.564  INFO 16348 --- [restartedMain] org.mongodb.driver.cluster               : Adding discovered server moviebookingapp-db.mongo.cosmos.azure.com:10255 to client view of cluster
2023-10-28 20:01:25.565  INFO 16348 --- [restartedMain] org.mongodb.driver.client                : MongoClient with metadata {"driver": {"name": "mongo-java-driver|sync|spring-boot", "version": "4.6.1"}, "os": {"type": "Windows", "name": "Windows 11", "architecture": "amd64", "version": "10.0"}, "platform": "Java/Eclipse Adoptium/17.0.7+7", "application": {"name": "@moviebookingapp-db@ "}} created with settings MongoClientSettings{readPreference=primary, writeConcern=WriteConcern{w=null, wTimeout=null ms, journal=null}, retryWrites=false, retryReads=true, readConcern=ReadConcern{level=null}, credential=MongoCredential{mechanism=null, userName='moviebookingapp-db', source='admin', password=<hidden>, mechanismProperties=<hidden>}, streamFactoryFactory=null, commandListeners=[io.micrometer.core.instrument.binder.mongodb.MongoMetricsCommandListener@557f77aa], codecRegistry=ProvidersCodecRegistry{codecProviders=[ValueCodecProvider{}, BsonValueCodecProvider{}, DBRefCodecProvider{}, DBObjectCodecProvider{}, DocumentCodecProvider{}, IterableCodecProvider{}, MapCodecProvider{}, GeoJsonCodecProvider{}, GridFSFileCodecProvider{}, Jsr310CodecProvider{}, JsonObjectCodecProvider{}, BsonCodecProvider{}, EnumCodecProvider{}, com.mongodb.Jep395RecordCodecProvider@2ceddf7]}, clusterSettings={hosts=[moviebookingapp-db.mongo.cosmos.azure.com:10255], srvServiceName=mongodb, mode=MULTIPLE, requiredClusterType=REPLICA_SET, requiredReplicaSetName='globaldb', serverSelector='null', clusterListeners='[]', serverSelectionTimeout='30000 ms', localThreshold='30000 ms'}, socketSettings=SocketSettings{connectTimeoutMS=10000, readTimeoutMS=0, receiveBufferSize=0, sendBufferSize=0}, heartbeatSocketSettings=SocketSettings{connectTimeoutMS=10000, readTimeoutMS=10000, receiveBufferSize=0, sendBufferSize=0}, connectionPoolSettings=ConnectionPoolSettings{maxSize=100, minSize=0, maxWaitTimeMS=120000, maxConnectionLifeTimeMS=0, maxConnectionIdleTimeMS=120000, maintenanceInitialDelayMS=0, maintenanceFrequencyMS=60000, connectionPoolListeners=[io.micrometer.core.instrument.binder.mongodb.MongoMetricsConnectionPoolListener@92bd99f], maxConnecting=2}, serverSettings=ServerSettings{heartbeatFrequencyMS=10000, minHeartbeatFrequencyMS=500, serverListeners='[]', serverMonitorListeners='[]'}, sslSettings=SslSettings{enabled=true, invalidHostNameAllowed=false, context=null}, applicationName='@moviebookingapp-db@ ', compressorList=[], uuidRepresentation=JAVA_LEGACY, serverApi=null, autoEncryptionSettings=null, contextProvider=null}
2023-10-28 20:01:25.629 DEBUG 16348 --- [restartedMain] c.r.b.security.jwt.AuthTokenFilter       : Filter 'authenticationJwtTokenFilter' configured for use
2023-10-28 20:01:25.635  INFO 16348 --- [restartedMain] o.s.b.d.a.OptionalLiveReloadServer       : LiveReload server is running on port 35729
2023-10-28 20:01:26.138  INFO 16348 --- [restartedMain] o.s.b.a.e.web.EndpointLinksResolver      : Exposing 14 endpoint(s) beneath base path '/actuator'
2023-10-28 20:01:26.164  INFO 16348 --- [restartedMain] o.s.s.web.DefaultSecurityFilterChain     : Will secure any request with [org.springframework.security.web.session.DisableEncodeUrlFilter@1a79883a, org.springframework.security.web.context.request.async.WebAsyncManagerIntegrationFilter@2e65e701, org.springframework.security.web.context.SecurityContextPersistenceFilter@2a3755b5, org.springframework.security.web.header.HeaderWriterFilter@67c47056, org.springframework.web.filter.CorsFilter@e2d0528, org.springframework.security.web.authentication.logout.LogoutFilter@41d59658, com.rbp.bookmymovie.security.jwt.AuthTokenFilter@37ea7b47, org.springframework.security.web.savedrequest.RequestCacheAwareFilter@5300808a, org.springframework.security.web.servletapi.SecurityContextHolderAwareRequestFilter@17820c7c, org.springframework.security.web.authentication.AnonymousAuthenticationFilter@37ba690b, org.springframework.security.web.session.SessionManagementFilter@2bada6d9, org.springframework.security.web.access.ExceptionTranslationFilter@147db677, org.springframework.security.web.access.intercept.FilterSecurityInterceptor@2777b35]
2023-10-28 20:01:26.219  INFO 16348 --- [restartedMain] o.s.b.w.embedded.tomcat.TomcatWebServer  : Tomcat started on port(s): 8080 (http) with context path ''
2023-10-28 20:01:26.222  INFO 16348 --- [restartedMain] c.r.bookmymovie.BookmymovieApplication   : Started BookmymovieApplication in 1.074 seconds (JVM running for 96955.042)
2023-10-28 20:01:26.223  INFO 16348 --- [restartedMain] org.mongodb.driver.cluster               : No server chosen by com.mongodb.client.internal.MongoClientDelegate$1@bdd8d41 from cluster description ClusterDescription{type=REPLICA_SET, connectionMode=MULTIPLE, serverDescriptions=[ServerDescription{address=moviebookingapp-db.mongo.cosmos.azure.com:10255, type=UNKNOWN, state=CONNECTING}]}. Waiting for 30000 ms before timing out
2023-10-28 20:01:26.958  INFO 16348 --- [cluster-rtt-ClusterId{value='653d1b3da93d5969070f1c97', description='null'}-moviebookingapp-db.mongo.cosmos.azure.com:10255] org.mongodb.driver.connection            : Opened connection [connectionId{localValue:30, serverValue:2013077326}] to moviebookingapp-db.mongo.cosmos.azure.com:10255
2023-10-28 20:01:26.994  INFO 16348 --- [cluster-ClusterId{value='653d1b3da93d5969070f1c97', description='null'}-moviebookingapp-db.mongo.cosmos.azure.com:10255] org.mongodb.driver.connection            : Opened connection [connectionId{localValue:29, serverValue:1508063721}] to moviebookingapp-db.mongo.cosmos.azure.com:10255
2023-10-28 20:01:26.994  INFO 16348 --- [cluster-ClusterId{value='653d1b3da93d5969070f1c97', description='null'}-moviebookingapp-db.mongo.cosmos.azure.com:10255] org.mongodb.driver.cluster               : Monitor thread successfully connected to server with description ServerDescription{address=moviebookingapp-db.mongo.cosmos.azure.com:10255, type=REPLICA_SET_PRIMARY, state=CONNECTED, ok=true, minWireVersion=0, maxWireVersion=8, maxDocumentSize=16777216, logicalSessionTimeoutMinutes=30, roundTripTimeNanos=1043350100, setName='globaldb', canonicalAddress=moviebookingapp-db-westus.mongo.cosmos.azure.com:10255, hosts=[moviebookingapp-db-westus.mongo.cosmos.azure.com:10255], passives=[], arbiters=[], primary='moviebookingapp-db-westus.mongo.cosmos.azure.com:10255', tagSet=TagSet{[Tag{name='region', value='West US'}]}, electionId=null, setVersion=1, topologyVersion=null, lastWriteDate=null, lastUpdateTimeNanos=953648157971200}
2023-10-28 20:01:26.995  INFO 16348 --- [cluster-ClusterId{value='653d1b3da93d5969070f1c97', description='null'}-moviebookingapp-db.mongo.cosmos.azure.com:10255] org.mongodb.driver.cluster               : Adding discovered server moviebookingapp-db-westus.mongo.cosmos.azure.com:10255 to client view of cluster
2023-10-28 20:01:26.995  INFO 16348 --- [cluster-ClusterId{value='653d1b3da93d5969070f1c97', description='null'}-moviebookingapp-db.mongo.cosmos.azure.com:10255] org.mongodb.driver.cluster               : Server moviebookingapp-db.mongo.cosmos.azure.com:10255 is no longer a member of the replica set.  Removing from client view of cluster.
2023-10-28 20:01:26.996  INFO 16348 --- [cluster-ClusterId{value='653d1b3da93d5969070f1c97', description='null'}-moviebookingapp-db.mongo.cosmos.azure.com:10255] org.mongodb.driver.cluster               : Setting max set version to 1 from replica set primary moviebookingapp-db.mongo.cosmos.azure.com:10255
2023-10-28 20:01:26.997  INFO 16348 --- [cluster-ClusterId{value='653d1b3da93d5969070f1c97', description='null'}-moviebookingapp-db.mongo.cosmos.azure.com:10255] org.mongodb.driver.cluster               : Discovered replica set primary moviebookingapp-db.mongo.cosmos.azure.com:10255
2023-10-28 20:01:27.664  INFO 16348 --- [File Watcher] rtingClassPathChangeChangedEventListener : Restarting due to 3 class path changes (3 additions, 0 deletions, 0 modifications)
2023-10-28 20:01:27.833  INFO 16348 --- [Thread-39] o.apache.catalina.core.StandardService   : Stopping service [Tomcat]
2023-10-28 20:01:28.211  WARN 16348 --- [Thread-39] o.a.c.loader.WebappClassLoaderBase       : The web application [ROOT] appears to have started a thread named [cluster-ClusterId{value='653d1b3da93d5969070f1c97', description='null'}-moviebookingapp-db-westus.mongo.cosmos.azure.com:10255] but has failed to stop it. This is very likely to create a memory leak. Stack trace of thread:
 java.base@17.0.7/sun.nio.ch.Net.poll(Native Method)
 java.base@17.0.7/sun.nio.ch.NioSocketImpl.park(NioSocketImpl.java:181)
 java.base@17.0.7/sun.nio.ch.NioSocketImpl.timedRead(NioSocketImpl.java:285)
 java.base@17.0.7/sun.nio.ch.NioSocketImpl.implRead(NioSocketImpl.java:309)
 java.base@17.0.7/sun.nio.ch.NioSocketImpl.read(NioSocketImpl.java:350)
 java.base@17.0.7/sun.nio.ch.NioSocketImpl$1.read(NioSocketImpl.java:803)
 java.base@17.0.7/java.net.Socket$SocketInputStream.read(Socket.java:966)
 java.base@17.0.7/sun.security.ssl.SSLSocketInputRecord.read(SSLSocketInputRecord.java:484)
 java.base@17.0.7/sun.security.ssl.SSLSocketInputRecord.readHeader(SSLSocketInputRecord.java:478)
 java.base@17.0.7/sun.security.ssl.SSLSocketInputRecord.bytesInCompletePacket(SSLSocketInputRecord.java:70)
 java.base@17.0.7/sun.security.ssl.SSLSocketImpl.readApplicationRecord(SSLSocketImpl.java:1465)
 java.base@17.0.7/sun.security.ssl.SSLSocketImpl$AppInputStream.read(SSLSocketImpl.java:1069)
 app//com.mongodb.internal.connection.SocketStream.read(SocketStream.java:110)
 app//com.mongodb.internal.connection.SocketStream.read(SocketStream.java:135)
 app//com.mongodb.internal.connection.InternalStreamConnection.receiveResponseBuffers(InternalStreamConnection.java:713)
 app//com.mongodb.internal.connection.InternalStreamConnection.receiveMessageWithAdditionalTimeout(InternalStreamConnection.java:571)
 app//com.mongodb.internal.connection.InternalStreamConnection.receiveCommandMessageResponse(InternalStreamConnection.java:410)
 app//com.mongodb.internal.connection.InternalStreamConnection.sendAndReceive(InternalStreamConnection.java:337)
 app//com.mongodb.internal.connection.CommandHelper.sendAndReceive(CommandHelper.java:101)
 app//com.mongodb.internal.connection.CommandHelper.executeCommand(CommandHelper.java:45)
 app//com.mongodb.internal.connection.InternalStreamConnectionInitializer.initializeConnectionDescription(InternalStreamConnectionInitializer.java:131)
 app//com.mongodb.internal.connection.InternalStreamConnectionInitializer.startHandshake(InternalStreamConnectionInitializer.java:73)
 app//com.mongodb.internal.connection.InternalStreamConnection.open(InternalStreamConnection.java:182)
 app//com.mongodb.internal.connection.DefaultServerMonitor$ServerMonitorRunnable.lookupServerDescription(DefaultServerMonitor.java:193)
 app//com.mongodb.internal.connection.DefaultServerMonitor$ServerMonitorRunnable.run(DefaultServerMonitor.java:157)
 java.base@17.0.7/java.lang.Thread.run(Thread.java:833)
2023-10-28 20:01:28.212  WARN 16348 --- [Thread-39] o.a.c.loader.WebappClassLoaderBase       : The web application [ROOT] appears to have started a thread named [cluster-rtt-ClusterId{value='653d1b3da93d5969070f1c97', description='null'}-moviebookingapp-db-westus.mongo.cosmos.azure.com:10255] but has failed to stop it. This is very likely to create a memory leak. Stack trace of thread:
 java.base@17.0.7/sun.nio.ch.Net.poll(Native Method)
 java.base@17.0.7/sun.nio.ch.NioSocketImpl.park(NioSocketImpl.java:181)
 java.base@17.0.7/sun.nio.ch.NioSocketImpl.timedRead(NioSocketImpl.java:285)
 java.base@17.0.7/sun.nio.ch.NioSocketImpl.implRead(NioSocketImpl.java:309)
 java.base@17.0.7/sun.nio.ch.NioSocketImpl.read(NioSocketImpl.java:350)
 java.base@17.0.7/sun.nio.ch.NioSocketImpl$1.read(NioSocketImpl.java:803)
 java.base@17.0.7/java.net.Socket$SocketInputStream.read(Socket.java:966)
 java.base@17.0.7/sun.security.ssl.SSLSocketInputRecord.read(SSLSocketInputRecord.java:484)
 java.base@17.0.7/sun.security.ssl.SSLSocketInputRecord.readHeader(SSLSocketInputRecord.java:478)
 java.base@17.0.7/sun.security.ssl.SSLSocketInputRecord.decode(SSLSocketInputRecord.java:160)
 java.base@17.0.7/sun.security.ssl.SSLTransport.decode(SSLTransport.java:111)
 java.base@17.0.7/sun.security.ssl.SSLSocketImpl.decode(SSLSocketImpl.java:1510)
 java.base@17.0.7/sun.security.ssl.SSLSocketImpl.readHandshakeRecord(SSLSocketImpl.java:1425)
 java.base@17.0.7/sun.security.ssl.SSLSocketImpl.startHandshake(SSLSocketImpl.java:455)
 java.base@17.0.7/sun.security.ssl.SSLSocketImpl.ensureNegotiated(SSLSocketImpl.java:925)
 java.base@17.0.7/sun.security.ssl.SSLSocketImpl$AppOutputStream.write(SSLSocketImpl.java:1295)
 app//com.mongodb.internal.connection.SocketStream.write(SocketStream.java:99)
 app//com.mongodb.internal.connection.InternalStreamConnection.sendMessage(InternalStreamConnection.java:552)
 app//com.mongodb.internal.connection.InternalStreamConnection.sendCommandMessage(InternalStreamConnection.java:381)
 app//com.mongodb.internal.connection.InternalStreamConnection.sendAndReceive(InternalStreamConnection.java:329)
 app//com.mongodb.internal.connection.CommandHelper.sendAndReceive(CommandHelper.java:101)
 app//com.mongodb.internal.connection.CommandHelper.executeCommand(CommandHelper.java:45)
 app//com.mongodb.internal.connection.InternalStreamConnectionInitializer.initializeConnectionDescription(InternalStreamConnectionInitializer.java:131)
 app//com.mongodb.internal.connection.InternalStreamConnectionInitializer.startHandshake(InternalStreamConnectionInitializer.java:73)
 app//com.mongodb.internal.connection.InternalStreamConnection.open(InternalStreamConnection.java:182)
 app//com.mongodb.internal.connection.DefaultServerMonitor$RoundTripTimeRunnable.initialize(DefaultServerMonitor.java:427)
 app//com.mongodb.internal.connection.DefaultServerMonitor$RoundTripTimeRunnable.run(DefaultServerMonitor.java:405)
 java.base@17.0.7/java.lang.Thread.run(Thread.java:833)
2023-10-28 20:01:28.772  INFO 16348 --- [restartedMain] c.r.bookmymovie.BookmymovieApplication   : Starting BookmymovieApplication using Java 17.0.7 on LAPTOP-969E9HFQ with PID 16348 (C:\Users\hp\Downloads\project\Backend\bookmymovie\bookmymovie\target\classes started by hp in C:\Users\hp\Downloads\project\Backend\bookmymovie\bookmymovie)
2023-10-28 20:01:28.772 DEBUG 16348 --- [restartedMain] c.r.bookmymovie.BookmymovieApplication   : Running with Spring Boot v2.7.10, Spring v5.3.26
2023-10-28 20:01:28.772  INFO 16348 --- [restartedMain] c.r.bookmymovie.BookmymovieApplication   : No active profile set, falling back to 1 default profile: "default"
2023-10-28 20:01:28.995  INFO 16348 --- [restartedMain] .s.d.r.c.RepositoryConfigurationDelegate : Bootstrapping Spring Data MongoDB repositories in DEFAULT mode.
2023-10-28 20:01:29.012  INFO 16348 --- [restartedMain] .s.d.r.c.RepositoryConfigurationDelegate : Finished Spring Data repository scanning in 17 ms. Found 4 MongoDB repository interfaces.
2023-10-28 20:01:29.063  INFO 16348 --- [restartedMain] o.s.b.w.embedded.tomcat.TomcatWebServer  : Tomcat initialized with port(s): 8080 (http)
2023-10-28 20:01:29.064  INFO 16348 --- [restartedMain] o.apache.catalina.core.StandardService   : Starting service [Tomcat]
2023-10-28 20:01:29.064  INFO 16348 --- [restartedMain] org.apache.catalina.core.StandardEngine  : Starting Servlet engine: [Apache Tomcat/9.0.73]
2023-10-28 20:01:29.079  INFO 16348 --- [restartedMain] o.a.c.c.C.[Tomcat-1].[localhost].[/]     : Initializing Spring embedded WebApplicationContext
2023-10-28 20:01:29.080  INFO 16348 --- [restartedMain] w.s.c.ServletWebServerApplicationContext : Root WebApplicationContext: initialization completed in 306 ms
2023-10-28 20:01:29.105  INFO 16348 --- [restartedMain] org.mongodb.driver.cluster               : Adding discovered server moviebookingapp-db.mongo.cosmos.azure.com:10255 to client view of cluster
2023-10-28 20:01:29.106  INFO 16348 --- [restartedMain] org.mongodb.driver.client                : MongoClient with metadata {"driver": {"name": "mongo-java-driver|sync|spring-boot", "version": "4.6.1"}, "os": {"type": "Windows", "name": "Windows 11", "architecture": "amd64", "version": "10.0"}, "platform": "Java/Eclipse Adoptium/17.0.7+7", "application": {"name": "@moviebookingapp-db@ "}} created with settings MongoClientSettings{readPreference=primary, writeConcern=WriteConcern{w=null, wTimeout=null ms, journal=null}, retryWrites=false, retryReads=true, readConcern=ReadConcern{level=null}, credential=MongoCredential{mechanism=null, userName='moviebookingapp-db', source='admin', password=<hidden>, mechanismProperties=<hidden>}, streamFactoryFactory=null, commandListeners=[io.micrometer.core.instrument.binder.mongodb.MongoMetricsCommandListener@53b7990f], codecRegistry=ProvidersCodecRegistry{codecProviders=[ValueCodecProvider{}, BsonValueCodecProvider{}, DBRefCodecProvider{}, DBObjectCodecProvider{}, DocumentCodecProvider{}, IterableCodecProvider{}, MapCodecProvider{}, GeoJsonCodecProvider{}, GridFSFileCodecProvider{}, Jsr310CodecProvider{}, JsonObjectCodecProvider{}, BsonCodecProvider{}, EnumCodecProvider{}, com.mongodb.Jep395RecordCodecProvider@2ceddf7]}, clusterSettings={hosts=[moviebookingapp-db.mongo.cosmos.azure.com:10255], srvServiceName=mongodb, mode=MULTIPLE, requiredClusterType=REPLICA_SET, requiredReplicaSetName='globaldb', serverSelector='null', clusterListeners='[]', serverSelectionTimeout='30000 ms', localThreshold='30000 ms'}, socketSettings=SocketSettings{connectTimeoutMS=10000, readTimeoutMS=0, receiveBufferSize=0, sendBufferSize=0}, heartbeatSocketSettings=SocketSettings{connectTimeoutMS=10000, readTimeoutMS=10000, receiveBufferSize=0, sendBufferSize=0}, connectionPoolSettings=ConnectionPoolSettings{maxSize=100, minSize=0, maxWaitTimeMS=120000, maxConnectionLifeTimeMS=0, maxConnectionIdleTimeMS=120000, maintenanceInitialDelayMS=0, maintenanceFrequencyMS=60000, connectionPoolListeners=[io.micrometer.core.instrument.binder.mongodb.MongoMetricsConnectionPoolListener@2f852adc], maxConnecting=2}, serverSettings=ServerSettings{heartbeatFrequencyMS=10000, minHeartbeatFrequencyMS=500, serverListeners='[]', serverMonitorListeners='[]'}, sslSettings=SslSettings{enabled=true, invalidHostNameAllowed=false, context=null}, applicationName='@moviebookingapp-db@ ', compressorList=[], uuidRepresentation=JAVA_LEGACY, serverApi=null, autoEncryptionSettings=null, contextProvider=null}
2023-10-28 20:01:29.162 DEBUG 16348 --- [restartedMain] c.r.b.security.jwt.AuthTokenFilter       : Filter 'authenticationJwtTokenFilter' configured for use
2023-10-28 20:01:29.165  INFO 16348 --- [restartedMain] o.s.b.d.a.OptionalLiveReloadServer       : LiveReload server is running on port 35729
2023-10-28 20:01:29.555  INFO 16348 --- [restartedMain] o.s.b.a.e.web.EndpointLinksResolver      : Exposing 14 endpoint(s) beneath base path '/actuator'
2023-10-28 20:01:29.561  INFO 16348 --- [restartedMain] o.s.s.web.DefaultSecurityFilterChain     : Will secure any request with [org.springframework.security.web.session.DisableEncodeUrlFilter@6c0ca705, org.springframework.security.web.context.request.async.WebAsyncManagerIntegrationFilter@de31429, org.springframework.security.web.context.SecurityContextPersistenceFilter@52c28f94, org.springframework.security.web.header.HeaderWriterFilter@1cec1f33, org.springframework.web.filter.CorsFilter@75f676e7, org.springframework.security.web.authentication.logout.LogoutFilter@22041046, com.rbp.bookmymovie.security.jwt.AuthTokenFilter@1c869558, org.springframework.security.web.savedrequest.RequestCacheAwareFilter@6c4aa581, org.springframework.security.web.servletapi.SecurityContextHolderAwareRequestFilter@10232abc, org.springframework.security.web.authentication.AnonymousAuthenticationFilter@14aa3818, org.springframework.security.web.session.SessionManagementFilter@39d9be44, org.springframework.security.web.access.ExceptionTranslationFilter@1844ce5b, org.springframework.security.web.access.intercept.FilterSecurityInterceptor@45d49d3c]
2023-10-28 20:01:29.623  INFO 16348 --- [restartedMain] o.s.b.w.embedded.tomcat.TomcatWebServer  : Tomcat started on port(s): 8080 (http) with context path ''
2023-10-28 20:01:29.628  INFO 16348 --- [restartedMain] c.r.bookmymovie.BookmymovieApplication   : Started BookmymovieApplication in 0.876 seconds (JVM running for 96958.448)
2023-10-28 20:01:29.629  INFO 16348 --- [restartedMain] org.mongodb.driver.cluster               : No server chosen by com.mongodb.client.internal.MongoClientDelegate$1@43c3595c from cluster description ClusterDescription{type=REPLICA_SET, connectionMode=MULTIPLE, serverDescriptions=[ServerDescription{address=moviebookingapp-db.mongo.cosmos.azure.com:10255, type=UNKNOWN, state=CONNECTING}]}. Waiting for 30000 ms before timing out
2023-10-28 20:01:30.349  INFO 16348 --- [cluster-ClusterId{value='653d1b41a93d5969070f1c98', description='null'}-moviebookingapp-db.mongo.cosmos.azure.com:10255] org.mongodb.driver.connection            : Opened connection [connectionId{localValue:34, serverValue:1428855987}] to moviebookingapp-db.mongo.cosmos.azure.com:10255
2023-10-28 20:01:30.349  INFO 16348 --- [cluster-rtt-ClusterId{value='653d1b41a93d5969070f1c98', description='null'}-moviebookingapp-db.mongo.cosmos.azure.com:10255] org.mongodb.driver.connection            : Opened connection [connectionId{localValue:33, serverValue:84273964}] to moviebookingapp-db.mongo.cosmos.azure.com:10255
2023-10-28 20:01:30.349  INFO 16348 --- [cluster-ClusterId{value='653d1b41a93d5969070f1c98', description='null'}-moviebookingapp-db.mongo.cosmos.azure.com:10255] org.mongodb.driver.cluster               : Monitor thread successfully connected to server with description ServerDescription{address=moviebookingapp-db.mongo.cosmos.azure.com:10255, type=REPLICA_SET_PRIMARY, state=CONNECTED, ok=true, minWireVersion=0, maxWireVersion=8, maxDocumentSize=16777216, logicalSessionTimeoutMinutes=30, roundTripTimeNanos=1006048700, setName='globaldb', canonicalAddress=moviebookingapp-db-westus.mongo.cosmos.azure.com:10255, hosts=[moviebookingapp-db-westus.mongo.cosmos.azure.com:10255], passives=[], arbiters=[], primary='moviebookingapp-db-westus.mongo.cosmos.azure.com:10255', tagSet=TagSet{[Tag{name='region', value='West US'}]}, electionId=null, setVersion=1, topologyVersion=null, lastWriteDate=null, lastUpdateTimeNanos=953651513052600}
2023-10-28 20:01:30.350  INFO 16348 --- [cluster-ClusterId{value='653d1b41a93d5969070f1c98', description='null'}-moviebookingapp-db.mongo.cosmos.azure.com:10255] org.mongodb.driver.cluster               : Adding discovered server moviebookingapp-db-westus.mongo.cosmos.azure.com:10255 to client view of cluster
2023-10-28 20:01:30.350  INFO 16348 --- [cluster-ClusterId{value='653d1b41a93d5969070f1c98', description='null'}-moviebookingapp-db.mongo.cosmos.azure.com:10255] org.mongodb.driver.cluster               : Server moviebookingapp-db.mongo.cosmos.azure.com:10255 is no longer a member of the replica set.  Removing from client view of cluster.
2023-10-28 20:01:30.351  INFO 16348 --- [cluster-ClusterId{value='653d1b41a93d5969070f1c98', description='null'}-moviebookingapp-db.mongo.cosmos.azure.com:10255] org.mongodb.driver.cluster               : Setting max set version to 1 from replica set primary moviebookingapp-db.mongo.cosmos.azure.com:10255
2023-10-28 20:01:30.351  INFO 16348 --- [cluster-ClusterId{value='653d1b41a93d5969070f1c98', description='null'}-moviebookingapp-db.mongo.cosmos.azure.com:10255] org.mongodb.driver.cluster               : Discovered replica set primary moviebookingapp-db.mongo.cosmos.azure.com:10255
2023-10-28 20:01:31.414  INFO 16348 --- [cluster-rtt-ClusterId{value='653d1b41a93d5969070f1c98', description='null'}-moviebookingapp-db-westus.mongo.cosmos.azure.com:10255] org.mongodb.driver.connection            : Opened connection [connectionId{localValue:36, serverValue:129358126}] to moviebookingapp-db-westus.mongo.cosmos.azure.com:10255
2023-10-28 20:01:31.458  INFO 16348 --- [cluster-ClusterId{value='653d1b41a93d5969070f1c98', description='null'}-moviebookingapp-db-westus.mongo.cosmos.azure.com:10255] org.mongodb.driver.connection            : Opened connection [connectionId{localValue:35, serverValue:2008568064}] to moviebookingapp-db-westus.mongo.cosmos.azure.com:10255
2023-10-28 20:01:31.458  INFO 16348 --- [cluster-ClusterId{value='653d1b41a93d5969070f1c98', description='null'}-moviebookingapp-db-westus.mongo.cosmos.azure.com:10255] org.mongodb.driver.cluster               : Monitor thread successfully connected to server with description ServerDescription{address=moviebookingapp-db-westus.mongo.cosmos.azure.com:10255, type=REPLICA_SET_PRIMARY, state=CONNECTED, ok=true, minWireVersion=0, maxWireVersion=8, maxDocumentSize=16777216, logicalSessionTimeoutMinutes=30, roundTripTimeNanos=857823900, setName='globaldb', canonicalAddress=moviebookingapp-db-westus.mongo.cosmos.azure.com:10255, hosts=[moviebookingapp-db-westus.mongo.cosmos.azure.com:10255], passives=[], arbiters=[], primary='moviebookingapp-db-westus.mongo.cosmos.azure.com:10255', tagSet=TagSet{[Tag{name='region', value='West US'}]}, electionId=null, setVersion=1, topologyVersion=null, lastWriteDate=null, lastUpdateTimeNanos=953652622688400}
2023-10-28 20:01:31.458  INFO 16348 --- [cluster-ClusterId{value='653d1b41a93d5969070f1c98', description='null'}-moviebookingapp-db-westus.mongo.cosmos.azure.com:10255] org.mongodb.driver.cluster               : Discovered replica set primary moviebookingapp-db-westus.mongo.cosmos.azure.com:10255
2023-10-28 20:01:34.433  INFO 16348 --- [restartedMain] org.mongodb.driver.connection            : Opened connection [connectionId{localValue:37, serverValue:104435538}] to moviebookingapp-db-westus.mongo.cosmos.azure.com:10255
2023-10-28 20:01:39.861  INFO 16348 --- [restartedMain] .ConditionEvaluationDeltaLoggingListener : Condition evaluation unchanged
2023-10-28 20:01:56.224  INFO 16348 --- [restartedMain] ConditionEvaluationReportLoggingListener : 

Error starting ApplicationContext. To display the conditions report re-run your application with 'debug' enabled.
